
ROM used:   408/16384 (1%)
            408/16384 (1%) including unused fragments

            0.5 Average locations per line
            17.7 Average locations per statement

RAM used:   37/2048 (2%) at main() level
            39/2048 (2%) worst case

Stack used: 1 worst case (0 in main + 1 for interrupts)
Stack size: 31

Lines Stmts  %   Files
----- ----- ---  -----
   43    23 100  P80.c
  821     0   0  ..\..\..\..\..\..\..\..\Program Files (x86)\PICC\Devices\18F4550.h
----- -----
  864    23 Total

Page ROM  %  RAM   Vol Diff  Functions:
---- --- --- ---   --- ----  ----------
0    166  20    2   391  5.2  funcao_tempo
0     96  12    0   154  2.6  MAIN
 Inline         0             @cinit1

Program metrics:
    Functions               2
    Statements              23
    Comments                148
    Volume (V)              643
    Difficulty (D)          7.7
    Effort to implement (E) 4919
    Time to implement (T)   5 minutes
    Est Delivered Bugs (B)  0
    Cyclomatic Complexity   3
    Maintainability (MI)    136

 Segment     Used  Free
-----------  ----  ----
00000-00002     4  0  
00004-00006     0  4  
00008-00094   142  0  
00096-07FFE   262  32356  



