
ROM used:   360/16384 (1%)
            360/16384 (1%) including unused fragments

            0.4 Average locations per line
            13.3 Average locations per statement

RAM used:   27/2048 (1%) at main() level
            31/2048 (2%) worst case

Stack used: 1 worst case (0 in main + 1 for interrupts)
Stack size: 31

Lines Stmts  %   Files
----- ----- ---  -----
   55    27 100  P122.c
  821     0   0  ..\..\..\..\..\..\..\..\..\Program Files (x86)\PICC\Devices\18F4550.h
----- -----
  876    27 Total

Page ROM  %  RAM   Vol Diff  Functions:
---- --- --- ---   --- ----  ----------
0    154  21    4   652  5.4  funcao_tempo
0     60   8    0   141  2.2  MAIN
 Inline         0   480  4.8  @cinit1

Program metrics:
    Functions               3
    Statements              27
    Comments                143
    Volume (V)              1599
    Difficulty (D)          12.4
    Effort to implement (E) 19807
    Time to implement (T)   18 minutes
    Est Delivered Bugs (B)  0
    Cyclomatic Complexity   4
    Maintainability (MI)    55

 Segment     Used  Free
-----------  ----  ----
00000-00002     4  0  
00004-00006     0  4  
00008-00094   142  0  
00096-07FFE   214  32404  



