
ROM used: 3448 (42%)
          3602 (44%) including unused fragments

          4 Average locations per line
          12 Average locations per statement

RAM used: 27 (7%) at main() level
          41 (11%) worst case

Stack used: 4 worst case (out of 8 total available)

Lines Stmts  %   Files
----- ----- ---  -----
  331   182  61  Demostracao.c
  313     0   0  C:\Program Files\PICC\devices\16F877A.h
   77    37  12  LCD8B.c
   69    54  18  12Keys.c
   88    23   8  2404.c
----- -----
  878   296 Total

Page ROM  %  RAM   Vol Diff  Functions:
---- --- --- ---   --- ----  ----------
0     20   1   1             @delay_ms1
0     14   0   1    59  1.2  lcd_cmd
0     28   1   2   149  1.8  lcd_envia_byte
 Inline        3   173  5.0  lcd_pos_xy
0     54   2   1   290  4.1  lcd_escreve
0     47   1   1   342  2.6  lcd_ini
0    161   5   1  1435  3.4  varre_teclas
0     29   1   2   256  3.8  trata_teclas
 Inline        3             @I2C_READ_1
0     74   2   1             @I2C_WRITE_1
0     13   0   0    32  1.0  init_ext_eeprom
0     59   2   1    84  2.4  ext_eeprom_ready
0     84   2   5   200  4.5  write_ext_eeprom
0    203   6   5   336  5.2  read_ext_eeprom
1   1554  45   6  6805  7.5  MAIN
0     58   2   0             @const100
0     38   1   0             @const102
0     27   1   0             @const103
0     20   1   0             @const104
0     19   1   0             @const106
0     20   1   0             @const107
0     22   1   0             @const108
0     24   1   0             @const109
0     15   0   0             @const110
0     36   1   0             @const111
0     24   1   0             @const112
0     25   1   0             @const113
0     15   0   0             @const114
0     18   1   0             @const115
0     19   1   0             @const117
0     16   0   0             @const118
0     16   0   0             @const119
0     12   0   0             @const120
0     21   1   0             @const121
0     21   1   0             @const122
0     20   1   0             @const123
0     20   1   0             @const124
0     22   1   0             @const125
0     34   1   0             @const126
0     22   1   0             @const127
0     22   1   0             @const128
0     21   1   0             @const129
0     22   1   0             @const130
0     22   1   0             @const131
0     16   0   0             @const132
0     22   1   0             @const133
0     20   1   0             @const134
0     35   1   2             @PRINTF_X_69
0     16   0   0             @const138
0     12   0   0             @const139
0     23   1   0             @const140
0     16   0   0             @const141
0     18   1   0             @const142
0     16   0   0             @const143
0     23   1   0             @const162
0    101   3   9             @PRINTF_LU_69
0     24   1   0             @const165
0     91   3   9             @PRINTF_LU_9600_62_63

Program metrics:
    Functions               12
    Statements              296
    Comments                244
    Volume (V)              13505
    Difficilty (D)          41.5
    Effort to implement (E) 560814
    Time to implement (T)   8 hours, 39 minutes
    Est Delivered Bugs (B)  2
    Cyclomatic Complexity   49
    Maintainability (MI)    114

 Segment     Used  Free
-----------  ----  ----
00000-00003     4  0  
00004-007FF  1890  154  
00800-00FFF  1554  494  
01000-017FF     0  2048  
01800-01FFF     0  2048  



