
ROM used: 418 (5%)
          418 (5%) including unused fragments

          1 Average locations per line
          5 Average locations per statement

RAM used: 6 (2%) at main() level
          17 (5%) worst case

Stack used: 4 worst case (out of 7 total available)

Lines Stmts  %   Files
----- ----- ---  -----
   44    12  14  LCD.c
  294     0   0  C:\Program Files\PICC\devices\16F876A.h
  156    72  86  LCD_4B.c
----- -----
  494    84 Total

Page ROM  %  RAM   Vol Diff  Functions:
---- --- --- ---   --- ----  ----------
0     20   5   1             @delay_ms1
0      8   2   0             @const65
0     39   9   1   260  1.9  lcd_envia_nibble
0     33   8   3   176  2.7  lcd_envia_byte
0     61  15   2   433  4.3  lcd_ini
 Inline        4   186  5.5  lcd_pos_xy
0     57  14   1   290  4.1  lcd_escreve
0     74  18   1   303  2.3  MAIN
0      8   2   0             @const88
0     70  17   3             @PSTRINGC7_80
0      9   2   0             @const90
0      9   2   0             @const92
0      9   2   0             @const93
0      8   2   0             @const94
0      9   2   0             @const95

Program metrics:
    Functions               6
    Statements              84
    Comments                159
    Volume (V)              2488
    Difficilty (D)          19.4
    Effort to implement (E) 48227
    Time to implement (T)   45 minutes
    Est Delivered Bugs (B)  0
    Cyclomatic Complexity   8
    Maintainability (MI)    146

 Segment     Used  Free
-----------  ----  ----
00000-00003     4  0  
00004-007FF   414  1630  
00800-00FFF     0  2048  
01000-017FF     0  2048  
01800-01EFF     0  1792  



