
ROM used:   792/16384 (2%)
            792/16384 (2%) including unused fragments

            0.9 Average locations per line
            20.3 Average locations per statement

RAM used:   32/2048 (2%) at main() level
            48/2048 (2%) worst case

Stack used: 1 worst case (0 in main + 1 for interrupts)
Stack size: 31

Lines Stmts  %   Files
----- ----- ---  -----
   52    39 100  P41.c
  821     0   0  ..\..\..\..\..\..\..\..\Program Files (x86)\PICC\Devices\18F4550.h
----- -----
  873    39 Total

Page ROM  %  RAM   Vol Diff  Functions:
---- --- --- ---   --- ----  ----------
0    188  12    8   490  5.8  funcao_tempo
0     56   4    2   110  3.4  @ITOF
0    120   8   10  7474  1.5  @FLT
0    180  11    5   681  6.1  MAIN
0     16   1    0   584  3.3  @const654
0     34   2    2             @PSTRINGC_9600_31766_31767
0     24   2    0             @const656
0     28   2    0             @const657
 Inline         0             @cinit1

Program metrics:
    Functions               5
    Statements              39
    Comments                145
    Volume (V)              10966
    Difficulty (D)          21.0
    Effort to implement (E) 230089
    Time to implement (T)   3 hours, 33 minutes
    Est Delivered Bugs (B)  1
    Cyclomatic Complexity   11
    Maintainability (MI)    141

 Segment     Used  Free
-----------  ----  ----
00000-00002     4  0  
00004-00006     0  4  
00008-00094   142  0  
00096-07FFE   646  31972  



