
ROM used:   1798/16384 (5%)
            1798/16384 (5%) including unused fragments

            2.1 Average locations per line
            36.7 Average locations per statement

RAM used:   39/2048 (2%) at main() level
            63/2048 (3%) worst case

Stack used: 1 worst case (0 in main + 1 for interrupts)
Stack size: 31

Lines Stmts  %   Files
----- ----- ---  -----
   47    49 100  P111.c
  821     0   0  ..\..\..\..\..\..\..\..\..\Program Files (x86)\PICC\Devices\18F4550.h
----- -----
  868    49 Total

Page ROM  %  RAM   Vol Diff  Functions:
---- --- --- ---   --- ----  ----------
0     40   1    1             @delay_ms1
0     26   1    1             @delay_us1
0     90   3    4   210  4.5  funcao_tempo
0    204   6    5   187  3.0  servo
0     56   2    2   667  5.9  @ITOF
0    242   7   11   208  6.3  @MULFF
0    620  17   16   354  4.7  @ADDFF
0     58   2    4   238  4.0  @SFTOI
0    218   6    1   891  5.2  MAIN
0     14   0    0    90  2.5  @const668
0     34   1    2  1126  6.7  @PSTRINGC_9600_31766_31767
0     14   0    0             @const670
0     12   0    0             @const671
0     12   0    0             @const672
0     12   0    0             @const673
 Inline         0             @cinit1

Program metrics:
    Functions               9
    Statements              49
    Comments                145
    Volume (V)              5986
    Difficulty (D)          41.9
    Effort to implement (E) 250704
    Time to implement (T)   3 hours, 52 minutes
    Est Delivered Bugs (B)  1
    Cyclomatic Complexity   24
    Maintainability (MI)    106

 Segment     Used  Free
-----------  ----  ----
00000-00002     4  0  
00004-00006     0  4  
00008-00094   142  0  
00096-07FFE  1652  30966  



