
ROM used: 491 (6%)
          491 (6%) including unused fragments

          1 Average locations per line
          8 Average locations per statement

RAM used: 15 (4%) at main() level
          31 (8%) worst case

Stack used: 4 worst case (out of 8 total available)

Lines Stmts  %   Files
----- ----- ---  -----
   58    26  42  ADC_Aq.c
  310     0   0  C:\Arquivos de programas\PICC\devices\16F877A.h
   88    36  58  LCD8B.c
----- -----
  456    62 Total

Page ROM  %  RAM   Vol Diff  Functions:
---- --- --- ---   --- ----  ----------
0     20   4   1             @delay_ms1
0     14   3   1    59  1.2  lcd_cmd
0     24   5   2   127  1.8  lcd_envia_byte
 Inline        3   173  5.0  lcd_pos_xy
0     54  11   1   290  4.1  lcd_escreve
0     47  10   1   325  3.3  lcd_ini
0    196  40   2   652  4.2  MAIN
0     12   2   0             @const76
0     99  20   9             @PRINTF_LU_66
0     21   4   0             @const79

Program metrics:
    Functions               6
    Statements              62
    Comments                177
    Volume (V)              2370
    Difficilty (D)          19.0
    Effort to implement (E) 44962
    Time to implement (T)   42 minutes
    Est Delivered Bugs (B)  0
    Cyclomatic Complexity   9
    Maintainability (MI)    144

 Segment     Used  Free
-----------  ----  ----
00000-00003     4  0  
00004-007FF   487  1557  
00800-00FFF     0  2048  
01000-017FF     0  2048  
01800-01FFF     0  2048  



