
ROM used: 3064 (37%)
          3283 (40%) including unused fragments

          3 Average locations per line
          10 Average locations per statement

RAM used: 25 (7%) at main() level
          39 (11%) worst case

Stack used: 4 worst case (out of 8 total available)

Lines Stmts  %   Files
----- ----- ---  -----
  331   182  61  Demostracao.c
  423     0   0  ..\..\..\..\..\..\..\..\..\Program Files\PICC\devices\16F887.h
   77    37  12  LCD8B.c
   69    54  18  12Keys.c
   88    23   8  2404.c
----- -----
  988   296 Total

Page ROM  %  RAM   Vol Diff  Functions:
---- --- --- ---   --- ----  ----------
0     20   1   1             @delay_ms1
0     14   0   1    59  1.2  lcd_cmd
0     28   1   2   149  1.8  lcd_envia_byte
 Inline        3   173  5.0  lcd_pos_xy
0     54   2   1   290  4.1  lcd_escreve
0     47   2   1   342  2.6  lcd_ini
0    161   5   1  1435  3.4  varre_teclas
0     29   1   2   256  3.8  trata_teclas
 Inline        3             @I2C_READ_1
0     74   2   1             @I2C_WRITE_1
0     13   0   0    32  1.0  init_ext_eeprom
0     59   2   1    84  2.4  ext_eeprom_ready
0     84   3   4   200  4.5  write_ext_eeprom
0    203   7   4   336  5.2  read_ext_eeprom
1   1235  40   5  6808  7.4  MAIN
0     27   1   0             @const108
0     72   2   3             @PSTRINGC7_9600_62_63
0     27   1   0             @const110
0     17   1   0             @const111
0     12   0   0             @const112
0      8   0   0             @const113
0      8   0   0             @const115
0     70   2   3             @PSTRINGC7_77
0      8   0   0             @const117
0      9   0   0             @const118
0     10   0   0             @const119
0      6   0   0             @const120
0     15   0   0             @const121
0     10   0   0             @const122
0     11   0   0             @const123
0      6   0   0             @const124
0      7   0   0             @const125
0      8   0   0             @const127
0     79   3   4             @PSTRINGCN7_77
0      6   0   0             @const130
0     81   3   4             @PSTRINGCN7_9600_62_63
0      6   0   0             @const133
0      4   0   0             @const134
0      9   0   0             @const135
0      9   0   0             @const136
0      8   0   0             @const137
0      8   0   0             @const138
0      9   0   0             @const139
0     15   0   0             @const140
0      9   0   0             @const141
0      9   0   0             @const142
0      9   0   0             @const143
0      9   0   0             @const144
0      9   0   0             @const145
0      6   0   0             @const146
0      9   0   0             @const147
0      8   0   0             @const148
0     35   1   2             @PRINTF_X_77
0      6   0   0             @const152
0      4   0   0             @const153
0      7   0   0             @const154
0      6   0   0             @const155
0      7   0   0             @const156
0      6   0   0             @const157
0      7   0   0             @const158
0      6   0   0             @const159
0      7   0   0             @const160
0      6   0   0             @const161
0      7   0   0             @const162
0      6   0   0             @const163
0      7   0   0             @const164
0      6   0   0             @const165
0      7   0   0             @const166
0      6   0   0             @const167
0      7   0   0             @const168
0      6   0   0             @const169
0      7   0   0             @const170
0      6   0   0             @const171
0      7   0   0             @const172
0      6   0   0             @const173
0     10   0   0             @const174
0      9   0   0             @const175
0     10   0   0             @const176
0    101   3   9             @PRINTF_LU_77
0     10   0   0             @const179
0     91   3   9             @PRINTF_LU_9600_62_63

Program metrics:
    Functions               12
    Statements              296
    Comments                252
    Volume (V)              13566
    Difficilty (D)          40.2
    Effort to implement (E) 544667
    Time to implement (T)   8 hours, 24 minutes
    Est Delivered Bugs (B)  2
    Cyclomatic Complexity   49
    Maintainability (MI)    118

 Segment     Used  Free
-----------  ----  ----
00000-00003     4  0  
00004-007FF  1825  219  
00800-00FFF  1235  813  
01000-017FF     0  2048  
01800-01FFF     0  2048  



