
ROM used: 1515 (19%)
          1515 (19%) including unused fragments

          2 Average locations per line
          8 Average locations per statement

RAM used: 41 (11%) at main() level
          56 (16%) worst case

Stack used: 5 worst case (out of 7 total available)

Lines Stmts  %   Files
----- ----- ---  -----
   92    49  26  RTC_DS1307.c
  330     0   0  C:\Program Files\PICC\devices\16F877A.h
  145    69  36  ds1307.c
  156    72  38  LCD_4B.c
----- -----
  723   190 Total

Page ROM  %  RAM   Vol Diff  Functions:
---- --- --- ---   --- ----  ----------
0     20   1   1             @delay_ms1
0     69   5   3             @I2C_READ_1
0     74   5   1             @I2C_WRITE_1
0    193  13   2   437  2.4  ds1307_init
0    109   7   8   531  2.7  ds1307_set_date_time
 Inline        5   410  3.1  ds1307_get_date
 Inline        4   315  3.0  ds1307_get_time
0     19   1   3   240  6.0  bin2bcd
0     19   1   3   168  3.1  bcd2bin
0      8   1   0             @const97
0     39   3   1   260  1.9  lcd_envia_nibble
0     33   2   3   176  2.7  lcd_envia_byte
0     61   4   2   433  4.3  lcd_ini
0     18   1   4   186  5.5  lcd_pos_xy
0     40   3   1   290  4.1  lcd_escreve
0    522  34   9  1912  7.2  MAIN
0     11   1   0             @const131
0     39   3   2             @MUL88
0     21   1   3             @DIV88
0    101   7   6             @PRINTF_D_112
0     79   5   4             @PSTRINGCN7_112
0     24   2   2             @PSTRINGR_112
0     12   1   0             @const144

Program metrics:
    Functions               12
    Statements              190
    Comments                213
    Volume (V)              8438
    Difficilty (D)          46.1
    Effort to implement (E) 389195
    Time to implement (T)   6 hours, 0 minutes
    Est Delivered Bugs (B)  2
    Cyclomatic Complexity   23
    Maintainability (MI)    104

 Segment     Used  Free
-----------  ----  ----
00000-00003     4  0  
00004-007FF  1511  533  
00800-00FFF     0  2048  
01000-017FF     0  2048  
01800-01EFF     0  1792  



