
ROM used:   260/16384 (1%)
            260/16384 (1%) including unused fragments

            0.3 Average locations per line
            23.6 Average locations per statement

RAM used:   27/2048 (1%) at main() level
            27/2048 (1%) worst case

Stack used: 1 worst case (0 in main + 1 for interrupts)
Stack size: 31

Lines Stmts  %   Files
----- ----- ---  -----
   23    11 100  P81.c
  821     0   0  ..\..\..\..\..\..\..\..\..\Program Files (x86)\PICC\Devices\18F4550.h
----- -----
  844    11 Total

Page ROM  %  RAM   Vol Diff  Functions:
---- --- --- ---   --- ----  ----------
0     64  12    0   166  4.3  funcao_tempo
0     50  10    0    88  2.0  MAIN
 Inline         0             @cinit1

Program metrics:
    Functions               2
    Statements              11
    Comments                142
    Volume (V)              311
    Difficulty (D)          6.1
    Effort to implement (E) 1888
    Time to implement (T)   2 minutes
    Est Delivered Bugs (B)  0
    Cyclomatic Complexity   1
    Maintainability (MI)    140

 Segment     Used  Free
-----------  ----  ----
00000-00002     4  0  
00004-00006     0  4  
00008-00094   142  0  
00096-07FFE   114  32504  



