
ROM used:   2518/16384 (8%)
            2518/16384 (8%) including unused fragments

            2.9 Average locations per line
            83.9 Average locations per statement

RAM used:   68/2048 (3%) at main() level
            94/2048 (5%) worst case

Stack used: 1 worst case (0 in main + 1 for interrupts)
Stack size: 31

Lines Stmts  %   Files
----- ----- ---  -----
   44    30 100  P115.c
  821     0   0  ..\..\..\..\..\..\..\..\..\Program Files (x86)\PICC\Devices\18F4550.h
----- -----
  865    30 Total

Page ROM  %  RAM   Vol Diff  Functions:
---- --- --- ---   --- ----  ----------
0     38   1    1             @delay_ms1
0     26   1    1             @delay_us1
0    532  11    4   494  5.0  serial
0     84   2   14   208  4.8  @MUL3232
0     54   1    4   480  4.8  @DTOF
0    244   5   11   208  4.8  @MULFF
0    620  12   16   281  4.9  @ADDFF
0     64   1    5   667  5.9  @FTOSD
0     62   1    0   208  6.3  @const664
0     32   1    3   354  4.7  @PSTRINGCN_9600_31766_31767
0    142   3   13   238  4.0  @DIV3232
0    166   3   12   993  6.2  @PRINTF_L32U_9600_31766_31767
0    178   4    1   331  4.0  MAIN
0     22   0    0  1126  6.7  @const675
0     34   1    2             @PSTRINGC_9600_31766_31767
0     74   1    0             @const677
 Inline         0             @cinit1

Program metrics:
    Functions               12
    Statements              30
    Comments                142
    Volume (V)              8918
    Difficulty (D)          61.1
    Effort to implement (E) 544949
    Time to implement (T)   8 hours, 25 minutes
    Est Delivered Bugs (B)  2
    Cyclomatic Complexity   25
    Maintainability (MI)    81

 Segment     Used  Free
-----------  ----  ----
00000-00002     4  0  
00004-00006     0  4  
00008-00094   142  0  
00096-07FFE  2372  30246  



