
ROM used: 4356 (13%)
          4356 (13%) including unused fragments

          4 Average locations per line
          15 Average locations per statement

RAM used: 23 (1%) at main() level
          37 (2%) worst case

Stack used: 5 worst case (out of 31 total available)

Lines Stmts  %   Files
----- ----- ---  -----
  306   179  61  Demostracao.c
  465     0   0  C:\Arquivos de programas\PICC\devices\18F4520.h
   77    37  13  LCD8B.c
   69    54  18  12Keys.c
   88    23   8  2404.c
----- -----
 1005   293 Total

Page ROM  %  RAM   Vol Diff  Functions:
---- --- --- ---   --- ----  ----------
0     38   0   1             @delay_ms1
0     16   0   1    59  1.2  lcd_cmd
0     42   0   2   149  1.8  lcd_envia_byte
0     34   0   3   173  5.0  lcd_pos_xy
0     72   1   1   290  4.1  lcd_escreve
0     78   1   1   342  2.6  lcd_ini
0    214   2   1  1435  3.4  varre_teclas
0     50   1   2   256  3.8  trata_teclas
0     80   1   3             @I2C_READ_1
0     80   1   1             @I2C_WRITE_1
0      8   0   0    32  1.0  init_ext_eeprom
0     64   1   1    84  2.4  ext_eeprom_ready
0    110   1   4   200  4.5  write_ext_eeprom
0    186   2   4   336  5.2  read_ext_eeprom
0   1722  20   5  6710  7.4  MAIN
0     54   1   0             @const109
0     34   0   2             @PSTRINGC_9600_31766_31767
0     54   1   0             @const111
0     34   0   0             @const112
0     24   0   0             @const113
0     16   0   0             @const114
0     16   0   0             @const116
0     32   0   2             @PSTRINGC_79
0     16   0   0             @const118
0     18   0   0             @const119
0     20   0   0             @const120
0     12   0   0             @const121
0     30   0   0             @const122
0     20   0   0             @const123
0     22   0   0             @const124
0     12   0   0             @const125
0     14   0   0             @const126
0     16   0   0             @const127
0     30   0   3             @PSTRINGCN_79
0     12   0   0             @const130
0     32   0   3             @PSTRINGCN_9600_31766_31767
0     12   0   0             @const133
0      8   0   0             @const134
0     18   0   0             @const135
0     18   0   0             @const136
0     16   0   0             @const137
0     16   0   0             @const138
0     18   0   0             @const139
0     30   0   0             @const140
0     18   0   0             @const141
0     18   0   0             @const142
0     18   0   0             @const143
0     18   0   0             @const144
0     18   0   0             @const145
0     12   0   0             @const146
0     18   0   0             @const147
0     16   0   0             @const148
0     64   1   2             @PRINTF_X_79
0     12   0   0             @const152
0      8   0   0             @const153
0     14   0   0             @const154
0     12   0   0             @const155
0     14   0   0             @const156
0     12   0   0             @const157
0     14   0   0             @const158
0     12   0   0             @const159
0     14   0   0             @const160
0     12   0   0             @const161
0     14   0   0             @const162
0     12   0   0             @const163
0     14   0   0             @const164
0     12   0   0             @const165
0     14   0   0             @const166
0     12   0   0             @const167
0     14   0   0             @const168
0     12   0   0             @const169
0     14   0   0             @const170
0     12   0   0             @const171
0     14   0   0             @const172
0     12   0   0             @const173
0     20   0   0             @const174
0     18   0   0             @const175
0     20   0   0             @const176
0    180   2   9             @PRINTF_LU_79
0     20   0   0             @const179
0    166   2   9             @PRINTF_LU_9600_31766_31767

Program metrics:
    Functions               12
    Statements              293
    Comments                260
    Volume (V)              13459
    Difficilty (D)          40.1
    Effort to implement (E) 539913
    Time to implement (T)   8 hours, 20 minutes
    Est Delivered Bugs (B)  2
    Cyclomatic Complexity   48
    Maintainability (MI)    122

 Segment     Used  Free
-----------  ----  ----
00000-00002     4  0  
00004-07FFE  4352  28412  



