
ROM used:   1320/16384 (4%)
            1320/16384 (4%) including unused fragments

            1.0 Average locations per line
            11.1 Average locations per statement

RAM used:   4/2048 (0%) at main() level
            35/2048 (2%) worst case

Stack used: 0 worst case (0 in main + 0 for interrupts)
Stack size: 31

Lines Stmts  %   Files
----- ----- ---  -----
   50    35  29  P98.c
  821     0   0  ..\..\..\..\..\..\..\..\..\..\Program Files (x86)\PICC\Devices\18F4550.h
  456    84  71  ..\..\..\..\..\..\..\..\..\..\Program Files (x86)\PICC\Drivers\LCD.c
----- -----
 1327   119 Total

Page ROM  %  RAM   Vol Diff  Functions:
---- --- --- ---   --- ----  ----------
0     38   1    1             @delay_ms1
0     20   1    0             @const648
0     66   2    3   596  5.9  lcd_read_byte
0     12   0    0    59  4.2  lcd_read_nibble
0     34   1    1   179  3.3  lcd_send_nibble
0     58   2    3   460  4.7  lcd_send_byte
0    102   4    2   667  5.9  lcd_init
0     34   1    4   208  6.3  lcd_gotoxy
0     80   3    1   354  4.7  lcd_putc
0    304  12    0  1126  6.7  MAIN
0     26   1    0             @const684
0     34   1    2             @PSTRINGC_9600_31766_31767
0     12   0    0             @const686
0     14   1    0             @const687
0     14   1    0             @const688
0     14   1    0             @const689
0     14   1    0             @const690
0     12   0    0             @const691
0     34   1    2             @PSTRINGC_666
0     18   1    0             @const693
0     32   1    3             @PSTRINGCN_666
0    142   5   13             @DIV3232
0    166   6   12             @PRINTF_L32U_666
0     36   1    0             @goto10729
 Inline         0             @cinit1

Program metrics:
    Functions               8
    Statements              119
    Comments                242
    Volume (V)              5450
    Difficulty (D)          38.3
    Effort to implement (E) 208512
    Time to implement (T)   3 hours, 13 minutes
    Est Delivered Bugs (B)  1
    Cyclomatic Complexity   14
    Maintainability (MI)    132

 Segment     Used  Free
-----------  ----  ----
00000-00002     4  0  
00004-07FFE  1316  31448  



