
ROM used:   1798/16384 (5%)
            1798/16384 (5%) including unused fragments

            2.1 Average locations per line
            36.7 Average locations per statement

RAM used:   39/2048 (2%) at main() level
            63/2048 (3%) worst case

Stack used: 1 worst case (0 in main + 1 for interrupts)
Stack size: 31

Lines Stmts  %   Files
----- ----- ---  -----
   47    49 100  107.c
  821     0   0  ..\..\..\..\..\..\..\..\..\..\Program Files (x86)\PICC\Devices\18F4550.h
----- -----
  868    49 Total

Page ROM  %  RAM   Vol Diff  Functions:
---- --- --- ---   --- ----  ----------
0     40   1    1             @delay_ms1
0     26   1    1             @delay_us1
0     90   3    4   210  4.5  funcao_tempo
0    204   6    5   187  3.0  servo
0     56   2    2             @ITOF
0    242   7   11             @MULFF
0    620  17   16             @ADDFF
0     58   2    4             @SFTOI
0    218   6    1   891  5.2  MAIN
0     14   0    0             @const668
0     34   1    2             @PSTRINGC_9600_31766_31767
0     14   0    0             @const670
0     12   0    0             @const671
0     12   0    0             @const672
0     12   0    0             @const673
 Inline         0             @cinit1

Program metrics:
    Functions               3
    Statements              49
    Comments                145
    Volume (V)              1615
    Difficulty (D)          11.6
    Effort to implement (E) 18652
    Time to implement (T)   17 minutes
    Est Delivered Bugs (B)  0
    Cyclomatic Complexity   9
    Maintainability (MI)    44

 Segment     Used  Free
-----------  ----  ----
00000-00002     4  0  
00004-00006     0  4  
00008-00094   142  0  
00096-07FFE  1652  30966  



