
ROM used:   448/16384 (1%)
            448/16384 (1%) including unused fragments

            0.5 Average locations per line
            13.6 Average locations per statement

RAM used:   27/2048 (1%) at main() level
            31/2048 (2%) worst case

Stack used: 1 worst case (0 in main + 1 for interrupts)
Stack size: 31

Lines Stmts  %   Files
----- ----- ---  -----
   60    33 100  P118_adaptado_unity.c
  821     0   0  ..\..\..\..\..\..\..\..\..\..\Program Files (x86)\PICC\Devices\18F4550.h
----- -----
  881    33 Total

Page ROM  %  RAM   Vol Diff  Functions:
---- --- --- ---   --- ----  ----------
0    182  20    4   797  5.3  funcao_tempo
0      4   0    0             @const645
0     34   4    2             @PSTRINGC_9600_31766_31767
0      4   0    0             @const647
0     78   9    0   141  2.2  MAIN
 Inline         0             @cinit1

Program metrics:
    Functions               2
    Statements              33
    Comments                143
    Volume (V)              1064
    Difficulty (D)          7.2
    Effort to implement (E) 7652
    Time to implement (T)   7 minutes
    Est Delivered Bugs (B)  0
    Cyclomatic Complexity   6
    Maintainability (MI)    118

 Segment     Used  Free
-----------  ----  ----
00000-00002     4  0  
00004-00006     0  4  
00008-00094   142  0  
00096-07FFE   302  32316  



