
ROM used:   1556/16384 (5%)
            1556/16384 (5%) including unused fragments

            1.2 Average locations per line
            15.1 Average locations per statement

RAM used:   13/2048 (1%) at main() level
            37/2048 (2%) worst case

Stack used: 0 worst case (0 in main + 0 for interrupts)
Stack size: 31

Lines Stmts  %   Files
----- ----- ---  -----
   32    19  18  P120.c
  821     0   0  ..\..\..\..\..\..\..\..\..\..\Program Files (x86)\PICC\Devices\18F4550.h
  456    84  82  ..\..\..\..\..\..\..\..\..\..\Program Files (x86)\PICC\Drivers\LCD.c
----- -----
 1309   103 Total

Page ROM  %  RAM   Vol Diff  Functions:
---- --- --- ---   --- ----  ----------
0     38   1    1             @delay_ms1
0     20   1    0             @const648
0     66   2    3   596  5.9  lcd_read_byte
0     12   0    0    59  4.2  lcd_read_nibble
0     34   1    1   179  3.3  lcd_send_nibble
0     58   2    3   460  4.7  lcd_send_byte
0    102   3    2   667  5.9  lcd_init
0     34   1    4   208  6.3  lcd_gotoxy
0     80   3    1   354  4.7  lcd_putc
0    322  10    1   563  3.2  MAIN
0     10   0    0             @const683
0     32   1    2             @PSTRINGC_666
0      6   0    0             @const685
0     56   2    2             @ITOF
0    244   8   11             @MULFF
0     64   2    5             @FTOSD
0     18   1    0             @const693
0     16   1    0             @const694
0     32   1    3             @PSTRINGCN_666
0    142   5   13             @DIV3232
0    166   5   12             @PRINTF_L32U_666
 Inline         0             @cinit1

Program metrics:
    Functions               8
    Statements              103
    Comments                243
    Volume (V)              4714
    Difficulty (D)          35.0
    Effort to implement (E) 165081
    Time to implement (T)   2 hours, 33 minutes
    Est Delivered Bugs (B)  1
    Cyclomatic Complexity   8
    Maintainability (MI)    135

 Segment     Used  Free
-----------  ----  ----
00000-00002     4  0  
00004-07FFE  1552  31212  



