
ROM used:   3896/16384 (12%)
            3896/16384 (12%) including unused fragments

            3.0 Average locations per line
            34.5 Average locations per statement

RAM used:   16/2048 (1%) at main() level
            38/2048 (2%) worst case

Stack used: 0 worst case (0 in main + 0 for interrupts)
Stack size: 31

Lines Stmts  %   Files
----- ----- ---  -----
   35    29  26  P124.c
  821     0   0  ..\..\..\..\..\..\..\..\..\..\Program Files (x86)\PICC\Devices\18F4550.h
  456    84  74  ..\..\..\..\..\..\..\..\..\..\Program Files (x86)\PICC\Drivers\LCD.c
----- -----
 1312   113 Total

Page ROM  %  RAM   Vol Diff  Functions:
---- --- --- ---   --- ----  ----------
0     38   0    1             @delay_ms1
0     20   0    0             @const648
0     66   1    3   596  5.9  lcd_read_byte
0     12   0    0    59  4.2  lcd_read_nibble
0     34   0    1   179  3.3  lcd_send_nibble
0     58   1    3   460  4.7  lcd_send_byte
0    102   1    2   667  5.9  lcd_init
0     34   0    4   208  6.3  lcd_gotoxy
0     80   1    1   354  4.7  lcd_putc
0    918  12    4  1019  7.1  MAIN
0     10   0    0             @const683
0     32   0    2             @PSTRINGC_666
0     16   0    0             @const685
0     56   1    2             @ITOF
0    242   3   11             @MULFF
0    118   2   10             @FLT
0    618   8   16             @ADDFF
0    346   4   14             @DIVFF
0     20   0    0             @const700
0     16   0    0             @const701
0     30   0    3             @PSTRINGCN_666
0     62   1    5             @FTOSD
0    142   2   13             @DIV3232
0    380   5   13             @PRINTF_L32D_666FPFPF
0     24   0    0             @const712
0     32   0    3             @PSTRINGCN_9600_31766_31767
0    386   5   13             @PRINTF_L32D_9600_31766_31767FPFPF
 Inline         0             @cinit1

Program metrics:
    Functions               8
    Statements              113
    Comments                243
    Volume (V)              5319
    Difficulty (D)          38.2
    Effort to implement (E) 203390
    Time to implement (T)   3 hours, 8 minutes
    Est Delivered Bugs (B)  1
    Cyclomatic Complexity   11
    Maintainability (MI)    133

 Segment     Used  Free
-----------  ----  ----
00000-00002     4  0  
00004-07FFE  3892  28872  



