
ROM used:   2146/16384 (7%)
            2146/16384 (7%) including unused fragments

            2.5 Average locations per line
            89.4 Average locations per statement

RAM used:   51/2048 (2%) at main() level
            71/2048 (3%) worst case

Stack used: 1 worst case (0 in main + 1 for interrupts)
Stack size: 31

Lines Stmts  %   Files
----- ----- ---  -----
   39    24 100  P113.c
  821     0   0  ..\..\..\..\..\..\..\..\..\Program Files (x86)\PICC\Devices\18F4550.h
----- -----
  860    24 Total

Page ROM  %  RAM   Vol Diff  Functions:
---- --- --- ---   --- ----  ----------
0     38   1    1             @delay_ms1
0     26   1    1             @delay_us1
0     90   2    4   208  4.8  funcao_tempo
0    520  12    4   480  4.8  MAIN
0     56   1    2   210  4.5  @ITOF
0    618  14   16   187  3.0  @ADDFF
0    346   8   14   667  5.9  @DIVFF
0    242   6   11   208  6.3  @MULFF
0     64   1    5   354  4.7  @FTOSD
 Inline         0   238  4.0  @cinit1

Program metrics:
    Functions               8
    Statements              24
    Comments                143
    Volume (V)              3946
    Difficulty (D)          37.7
    Effort to implement (E) 148628
    Time to implement (T)   2 hours, 18 minutes
    Est Delivered Bugs (B)  1
    Cyclomatic Complexity   10
    Maintainability (MI)    134

 Segment     Used  Free
-----------  ----  ----
00000-00002     4  0  
00004-00006     0  4  
00008-00094   142  0  
00096-07FFE  2000  30618  



