
ROM used: 253 (3%)
          253 (3%) including unused fragments

          1 Average locations per line
          6 Average locations per statement

RAM used: 27 (7%) at main() level
          29 (8%) worst case

Stack used: 3 worst case (out of 8 total available)

Lines Stmts  %   Files
----- ----- ---  -----
   96    42 100  7_SEG_0_100.c
  330     0   0  C:\Program Files (x86)\PICC\devices\16F877A.h
----- -----
  426    42 Total

Page ROM  %  RAM   Vol Diff  Functions:
---- --- --- ---   --- ----  ----------
0     22   9   1             @delay_ms1
0     98  39   1   508  5.7  trata_t0
0      8   3   0             @goto10054
0     78  31   1   564  5.2  MAIN

Program metrics:
    Functions               2
    Statements              42
    Comments                114
    Volume (V)              1265
    Difficilty (D)          10.7
    Effort to implement (E) 13494
    Time to implement (T)   12 minutes
    Est Delivered Bugs (B)  0
    Cyclomatic Complexity   8
    Maintainability (MI)    49

 Segment     Used  Free
-----------  ----  ----
00000-00003     4  0  
00004-0002E    43  0  
0002F-007FF   206  1795  
00800-00FFF     0  2048  
01000-017FF     0  2048  
01800-01FFF     0  2048  



