
ROM used: 183 (2%)
          183 (2%) including unused fragments

          0 Average locations per line
          7 Average locations per statement

RAM used: 25 (7%) at main() level
          25 (7%) worst case

Stack used: 2 worst case (out of 8 total available)

Lines Stmts  %   Files
----- ----- ---  -----
   72    26 100  7seg.c
  310     0   0  C:\Arquivos de programas\PICC\devices\16F877A.h
----- -----
  382    26 Total

Page ROM  %  RAM   Vol Diff  Functions:
---- --- --- ---   --- ----  ----------
0     71  39   0   508  5.7  trata_t0
0      8   4   0             @goto10043
0     53  29   0   141  2.2  MAIN

Program metrics:
    Functions               2
    Statements              26
    Comments                105
    Volume (V)              753
    Difficilty (D)          7.7
    Effort to implement (E) 5817
    Time to implement (T)   5 minutes
    Est Delivered Bugs (B)  0
    Cyclomatic Complexity   5
    Maintainability (MI)    49

 Segment     Used  Free
-----------  ----  ----
00000-00003     4  0  
00004-00032    47  0  
00033-007FF   132  1865  
00800-00FFF     0  2048  
01000-017FF     0  2048  
01800-01FFF     0  2048  



