
ROM used:   2558/16384 (8%)
            2558/16384 (8%) including unused fragments

            2.9 Average locations per line
            71.1 Average locations per statement

RAM used:   72/2048 (4%) at main() level
            98/2048 (5%) worst case

Stack used: 1 worst case (0 in main + 1 for interrupts)
Stack size: 31

Lines Stmts  %   Files
----- ----- ---  -----
   48    36 100  P112.c
  821     0   0  ..\..\..\..\..\..\..\..\..\..\Program Files (x86)\PICC\Devices\18F4550.h
----- -----
  869    36 Total

Page ROM  %  RAM   Vol Diff  Functions:
---- --- --- ---   --- ----  ----------
0     40   1    1             @delay_ms1
0     26   1    1             @delay_us1
0    580  11    4   655  5.1  serial
0     84   2   14             @MUL3232
0     54   1    4             @DTOF
0    244   5   11             @MULFF
0    620  12   16             @ADDFF
0     64   1    5             @FTOSD
0     62   1    0             @const665
0     32   1    3             @PSTRINGCN_9600_31766_31767
0    142   3   13             @DIV3232
0    166   3   12             @PRINTF_L32U_9600_31766_31767
0    168   3    1   349  4.0  MAIN
0     22   0    0             @const676
0     34   1    2             @PSTRINGC_9600_31766_31767
0     74   1    0             @const678
 Inline         0             @cinit1

Program metrics:
    Functions               2
    Statements              36
    Comments                144
    Volume (V)              1207
    Difficulty (D)          7.7
    Effort to implement (E) 9304
    Time to implement (T)   9 minutes
    Est Delivered Bugs (B)  0
    Cyclomatic Complexity   2
    Maintainability (MI)    118

 Segment     Used  Free
-----------  ----  ----
00000-00002     4  0  
00004-00006     0  4  
00008-00094   142  0  
00096-07FFE  2412  30206  



