
ROM used:   328/16384 (1%)
            328/16384 (1%) including unused fragments

            0.4 Average locations per line
            12.6 Average locations per statement

RAM used:   8/2048 (0%) at main() level
            8/2048 (0%) worst case

Stack used: 0 worst case (0 in main + 0 for interrupts)
Stack size: 31

Lines Stmts  %   Files
----- ----- ---  -----
   38    26 100  P115.c
  821     0   0  ..\..\..\..\..\..\..\..\..\Program Files (x86)\PICC\Devices\18f4550.h
----- -----
  859    26 Total

Page ROM  %  RAM   Vol Diff  Functions:
---- --- --- ---   --- ----  ----------
0     38   6    1             @delay_ms1
0    286  44    4   743  3.9  main
 Inline         0             @cinit1

Program metrics:
    Functions               1
    Statements              26
    Comments                147
    Volume (V)              749
    Difficulty (D)          3.7
    Effort to implement (E) 2795
    Time to implement (T)   3 minutes
    Est Delivered Bugs (B)  0
    Cyclomatic Complexity   2
    Maintainability (MI)    80

 Segment     Used  Free
-----------  ----  ----
00000-00002     4  0  
00004-07FFE   324  32440  



