
ROM used: 793 (10%)
          793 (10%) including unused fragments

          2 Average locations per line
          15 Average locations per statement

RAM used: 21 (6%) at main() level
          42 (11%) worst case

Stack used: 4 worst case (out of 8 total available)

Lines Stmts  %   Files
----- ----- ---  -----
   49    18  33  ADC_2CH.c
  327     0   0  C:\ARQUIV~1\PICC\devices\16F877A.h
   88    36  67  LCD8B.c
----- -----
  464    54 Total

Page ROM  %  RAM   Vol Diff  Functions:
---- --- --- ---   --- ----  ----------
0     20   3   1             @delay_ms1
0     14   2   1    59  1.2  lcd_cmd
0     24   3   2   127  1.8  lcd_envia_byte
 Inline        3   173  5.0  lcd_pos_xy
0     54   7   1   290  4.1  lcd_escreve
0     47   6   1   325  3.3  lcd_ini
0    247  31   4   519  3.7  MAIN
0      8   1   0             @const84
0     72   9   3             @PSTRINGC7_75
0     42   5  13             @MUL3232
0     79  10  13             @DIV3232
0      8   1   0             @const92
0     79  10   4             @PSTRINGCN7_75
0     87  11  12             @PRINTF_L32U_75
0      8   1   0             @const97

Program metrics:
    Functions               6
    Statements              54
    Comments                146
    Volume (V)              2217
    Difficilty (D)          17.8
    Effort to implement (E) 39468
    Time to implement (T)   37 minutes
    Est Delivered Bugs (B)  0
    Cyclomatic Complexity   7
    Maintainability (MI)    153

 Segment     Used  Free
-----------  ----  ----
00000-00003     4  0  
00004-007FF   789  1255  
00800-00FFF     0  2048  
01000-017FF     0  2048  
01800-01FFF     0  2048  



