
ROM used:   204/16384 (1%)
            204/16384 (1%) including unused fragments

            0.2 Average locations per line
            15.7 Average locations per statement

RAM used:   4/2048 (0%) at main() level
            7/2048 (0%) worst case

Stack used: 0 worst case (0 in main + 0 for interrupts)
Stack size: 31

Lines Stmts  %   Files
----- ----- ---  -----
   24    13 100  P96.c
  821     0   0  ..\..\..\..\..\..\..\..\..\Program Files (x86)\PICC\Devices\18F4550.h
----- -----
  845    13 Total

Page ROM  %  RAM   Vol Diff  Functions:
---- --- --- ---   --- ----  ----------
0    104  25    0   297  4.8  main
0     16   4    0    59  4.2  @const642
0     34   8    2   179  3.3  @PSTRINGC_9600_31766_31767
0     22   5    0   460  4.7  @const644
0     24   6    0   667  5.9  @const645
 Inline         0   208  6.3  @cinit1

Program metrics:
    Functions               6
    Statements              13
    Comments                142
    Volume (V)              2705
    Difficulty (D)          28.7
    Effort to implement (E) 77651
    Time to implement (T)   1 hours, 12 minutes
    Est Delivered Bugs (B)  1
    Cyclomatic Complexity   5
    Maintainability (MI)    174

 Segment     Used  Free
-----------  ----  ----
00000-00002     4  0  
00004-07FFE   200  32564  



