
ROM used: 98 (0%)
          98 (0%) including unused fragments

          0 Average locations per line
          98 Average locations per statement

RAM used: 7 (0%) at main() level
          7 (0%) worst case

Stack used: 0 worst case (out of 31 total available)

Lines Stmts  %   Files
----- ----- ---  -----
   62     1 100  osc_int.c
  451     0   0  ..\..\..\..\..\..\..\..\..\Program Files\PICC\devices\18f4550.h
----- -----
  513     1 Total

Page ROM  %  RAM   Vol Diff  Functions:
---- --- --- ---   --- ----  ----------
0     94  48   3   348  2.0  main

Program metrics:
    Functions               1
    Statements              1
    Comments                103
    Volume (V)              348
    Difficilty (D)          2.0
    Effort to implement (E) 695
    Time to implement (T)   1 minutes
    Est Delivered Bugs (B)  0
    Cyclomatic Complexity   1
    Maintainability (MI)    140

 Segment     Used  Free
-----------  ----  ----
00000-00002     4  0  
00004-07FFE    94  32670  



