
ROM used: 82 (0%)
          82 (0%) including unused fragments

          0 Average locations per line
          82 Average locations per statement

RAM used: 6 (0%) at main() level
          6 (0%) worst case

Stack used: 0 worst case (out of 31 total available)

Lines Stmts  %   Files
----- ----- ---  -----
   51     1 100  osc_int_1seg.c
  451     0   0  ..\..\..\..\..\..\..\..\..\Program Files\PICC\devices\18f4550.h
----- -----
  502     1 Total

Page ROM  %  RAM   Vol Diff  Functions:
---- --- --- ---   --- ----  ----------
0     78  48   2   239  1.9  main

Program metrics:
    Functions               1
    Statements              1
    Comments                103
    Volume (V)              239
    Difficilty (D)          1.9
    Effort to implement (E) 466
    Time to implement (T)   0 minutes
    Est Delivered Bugs (B)  0
    Cyclomatic Complexity   1
    Maintainability (MI)    142

 Segment     Used  Free
-----------  ----  ----
00000-00002     4  0  
00004-07FFE    78  32686  



