
ROM used:   52/16384 (0%)
            52/16384 (0%) including unused fragments

            0.1 Average locations per line
            4.3 Average locations per statement

RAM used:   5/2048 (0%) at main() level
            5/2048 (0%) worst case

Stack used: 0 worst case (0 in main + 0 for interrupts)
Stack size: 31

Lines Stmts  %   Files
----- ----- ---  -----
   28    12 100  P72.c
  821     0   0  ..\..\..\..\..\..\..\..\..\Program Files (x86)\PICC\Devices\18F4550.h
----- -----
  849    12 Total

Page ROM  %  RAM   Vol Diff  Functions:
---- --- --- ---   --- ----  ----------
0     48  46    1   193  3.1  main
 Inline         0             @cinit1

Program metrics:
    Functions               1
    Statements              12
    Comments                142
    Volume (V)              195
    Difficulty (D)          2.9
    Effort to implement (E) 569
    Time to implement (T)   1 minutes
    Est Delivered Bugs (B)  0
    Cyclomatic Complexity   2
    Maintainability (MI)    84

 Segment     Used  Free
-----------  ----  ----
00000-00002     4  0  
00004-07FFE    48  32716  



