
ROM used:   3498/16384 (11%)
            3498/16384 (11%) including unused fragments

            3.9 Average locations per line
            67.3 Average locations per statement

RAM used:   47/2048 (2%) at main() level
            80/2048 (4%) worst case

Stack used: 1 worst case (0 in main + 1 for interrupts)
Stack size: 31

Lines Stmts  %   Files
----- ----- ---  -----
   72    52 100  ldr_esp8266.c
  821     0   0  ..\..\..\..\..\..\..\..\..\..\..\..\..\..\Program Files (x86)\PICC\Devices\18F4550.h
----- -----
  893    52 Total

Page ROM  %  RAM   Vol Diff  Functions:
---- --- --- ---   --- ----  ----------
0     38   1    1             @delay_ms1
0   1324  19   20  1363  7.2  protocolo
0     56   1    2             @ITOF
0    242   3   11             @MULFF
0    118   2   10             @FLT
0    618   9   16             @ADDFF
0    346   5   14             @DIVFF
0     64   1    5             @FTOSD
0    142   2   13             @DIV3232
0     40   1    3             @DIV88
0    178   3    6             @PRINTF_D_9600_31766_31767
0     86   1    2   225  4.8  funcao_tempo
0    100   1    0   174  2.2  MAIN
 Inline         0             @cinit1

Program metrics:
    Functions               3
    Statements              52
    Comments                144
    Volume (V)              2121
    Difficulty (D)          13.2
    Effort to implement (E) 27917
    Time to implement (T)   26 minutes
    Est Delivered Bugs (B)  0
    Cyclomatic Complexity   4
    Maintainability (MI)    42

 Segment     Used  Free
-----------  ----  ----
00000-00002     4  0  
00004-00006     0  4  
00008-00094   142  0  
00096-07FFE  3352  29266  



