
ROM used:   1702/16384 (5%)
            1702/16384 (5%) including unused fragments

            1.5 Average locations per line
            22.7 Average locations per statement

RAM used:   37/2048 (2%) at main() level
            58/2048 (3%) worst case

Stack used: 0 worst case (0 in main + 0 for interrupts)
Stack size: 31

Lines Stmts  %   Files
----- ----- ---  -----
   51    25  33  p13_adaptado_picgenios.c
  821     0   0  ..\..\..\..\..\..\..\..\Program Files (x86)\PICC\Devices\18F4550.h
  288    50  67  flex_lcd2.c
----- -----
 1160    75 Total

Page ROM  %  RAM   Vol Diff  Functions:
---- --- --- ---   --- ----  ----------
0     38   1    1             @delay_ms1
0     20   1    0             @const640
0     72   2    1   326  2.8  lcd_send_nibble
0     60   2    3   235  3.8  lcd_send_byte
0     90   3    2   380  4.7  lcd_init
0     38   1    4   139  4.5  lcd_gotoxy
0     70   2    1   321  5.1  lcd_putc
0    468  14    4   813  6.7  MAIN
0     20   1    0             @const669
0     32   1    2             @PSTRINGC_654
0     14   0    0             @const671
0     50   1    0             @const672
0     34   1    2             @PSTRINGC_9600_31766_31767
0     84   2   14             @MUL3232
0     16   0    0             @const677
0     34   1    3             @PSTRINGCN_9600_31766_31767
0    142   4   13             @DIV3232
0    168   5   12             @PRINTF_L32U_9600_31766_31767
0     22   1    0             @const685
0     14   0    0             @const686
0     14   0    0             @const687
0     32   1    3             @PSTRINGCN_654
0    166   5   12             @PRINTF_L32U_654
 Inline         0             @cinit1

Program metrics:
    Functions               6
    Statements              75
    Comments                204
    Volume (V)              3246
    Difficulty (D)          25.0
    Effort to implement (E) 81201
    Time to implement (T)   1 hours, 15 minutes
    Est Delivered Bugs (B)  1
    Cyclomatic Complexity   9
    Maintainability (MI)    116

 Segment     Used  Free
-----------  ----  ----
00000-00002     4  0  
00004-07FFE  1698  31066  



